<?xml version="1.0" encoding="UTF-8"?>
<!-- Generated by org.testng.reporters.JUnitXMLReporter -->
<testsuite ignored="0" hostname="Venky" failures="0" tests="2" name="Default test(failed)" time="3.942" errors="0" timestamp="2026-03-16T12:12:18 IST">
  <testcase classname="com.ui.tests.LoginTest" name="loginExcelTest" time="0.3">
    <skipped/>
  </testcase> <!-- loginExcelTest -->
  <testcase classname="com.ui.tests.LoginTest" name="loginExcelTest" time="0.475"/>
</testsuite> <!-- Default test(failed) -->
