<?xml version="1.0" encoding="UTF-8"?>
<testng-results ignored="0" total="1" passed="1" failed="0" skipped="0">
  <reporter-output>
  </reporter-output>
  <suite started-at="2026-03-15T12:03:04 IST" name="Default suite" finished-at="2026-03-15T12:03:06 IST" duration-ms="2021">
    <groups>
      <group name="sanity">
        <method signature="LoginTest.loginTest()[pri:0, instance:com.ui.tests.LoginTest@313ac989]" name="loginTest" class="com.ui.tests.LoginTest"/>
      </group> <!-- sanity -->
      <group name="e2e">
        <method signature="LoginTest.loginTest()[pri:0, instance:com.ui.tests.LoginTest@313ac989]" name="loginTest" class="com.ui.tests.LoginTest"/>
      </group> <!-- e2e -->
    </groups>
    <test started-at="2026-03-15T12:03:04 IST" name="Default test" finished-at="2026-03-15T12:03:06 IST" duration-ms="2021">
      <class name="com.ui.tests.LoginTest">
        <test-method is-config="true" signature="setup()[pri:0, instance:com.ui.tests.LoginTest@313ac989]" started-at="2026-03-15T12:03:04 IST" name="setup" description="Load the home page of the website" finished-at="2026-03-15T12:03:05 IST" duration-ms="1529" status="PASS">
          <reporter-output>
          </reporter-output>
        </test-method> <!-- setup -->
        <test-method signature="loginTest()[pri:0, instance:com.ui.tests.LoginTest@313ac989]" started-at="2026-03-15T12:03:05 IST" name="loginTest" description="verifies if the valid user is able to login to the application" finished-at="2026-03-15T12:03:06 IST" duration-ms="465" status="PASS">
          <reporter-output>
          </reporter-output>
        </test-method> <!-- loginTest -->
      </class> <!-- com.ui.tests.LoginTest -->
    </test> <!-- Default test -->
  </suite> <!-- Default suite -->
</testng-results>
