<?xml version="1.0" encoding="UTF-8"?>
<testng-results ignored="0" total="1" passed="1" failed="0" skipped="0">
  <reporter-output>
  </reporter-output>
  <suite started-at="2026-03-17T15:51:53 IST" name="Default suite" finished-at="2026-03-17T15:51:59 IST" duration-ms="5236">
    <groups>
      <group name="sanity">
        <method signature="LoginTest.loginExcelTest(com.ui.dataproviders.User)[pri:0, instance:com.ui.tests.LoginTest@7a362b6b]" name="loginExcelTest" class="com.ui.tests.LoginTest"/>
      </group> <!-- sanity -->
      <group name="e2e">
        <method signature="LoginTest.loginExcelTest(com.ui.dataproviders.User)[pri:0, instance:com.ui.tests.LoginTest@7a362b6b]" name="loginExcelTest" class="com.ui.tests.LoginTest"/>
      </group> <!-- e2e -->
    </groups>
    <test started-at="2026-03-17T15:51:53 IST" name="Default test" finished-at="2026-03-17T15:51:59 IST" duration-ms="5236">
      <class name="com.ui.tests.LoginTest">
        <test-method is-config="true" signature="setup(java.lang.String,boolean,boolean,org.testng.ITestResult)[pri:0, instance:com.ui.tests.LoginTest@7a362b6b]" started-at="2026-03-17T15:51:54 IST" name="setup" description="Load the home page of the website" finished-at="2026-03-17T15:51:58 IST" duration-ms="3735" status="PASS">
          <params>
            <param index="0">
              <value>
                <![CDATA[chrome]]>
              </value>
            </param>
            <param index="1">
              <value>
                <![CDATA[false]]>
              </value>
            </param>
            <param index="2">
              <value>
                <![CDATA[false]]>
              </value>
            </param>
            <param index="3">
              <value>
                <![CDATA[[TestResult name={null} status=CREATED method=LoginTest.loginExcelTest(com.ui.dataproviders.User)[pri:0, instance:com.ui.tests.LoginTest@7a362b6b] output={null}]]]>
              </value>
            </param>
          </params>
          <reporter-output>
          </reporter-output>
        </test-method> <!-- setup -->
        <test-method signature="loginExcelTest(com.ui.dataproviders.User)[pri:0, instance:com.ui.tests.LoginTest@7a362b6b]" started-at="2026-03-17T15:51:58 IST" name="loginExcelTest" description="verifies if the valid user is able to login to the application" data-provider="LoginTestExcelDataProvider" finished-at="2026-03-17T15:51:58 IST" duration-ms="757" status="PASS">
          <params>
            <param index="0">
              <value>
                <![CDATA[User [emailAddress=wayopew108@flosek.com, password=password]]]>
              </value>
            </param>
          </params>
          <reporter-output>
          </reporter-output>
        </test-method> <!-- loginExcelTest -->
        <test-method is-config="true" signature="tearDown()[pri:0, instance:com.ui.tests.LoginTest@7a362b6b]" started-at="2026-03-17T15:51:59 IST" name="tearDown" description="Tear down the browser" finished-at="2026-03-17T15:51:59 IST" duration-ms="104" status="PASS">
          <reporter-output>
          </reporter-output>
        </test-method> <!-- tearDown -->
      </class> <!-- com.ui.tests.LoginTest -->
    </test> <!-- Default test -->
  </suite> <!-- Default suite -->
</testng-results>
